Using pre-set license
Built from '2020.3/staging' branch; Version is '2020.3.5f1 (8095aa901b9b) revision 8426922'; Using compiler version '192528614'; Build Type 'Release'
OS: 'Windows 10 Education N; OS build 19042.928; Version 2009; 64bit' Language: 'en' Physical Memory: 16307 MB
BatchMode: 1, IsHumanControllingUs: 0, StartBugReporterOnCrash: 0, Is64bit: 1, IsPro: 0

 COMMAND LINE ARGUMENTS:
C:\Program Files\Unity\Hub\Editor\2020.3.5f1\Editor\Unity.exe
-adb2
-batchMode
-noUpm
-name
AssetImportWorker0
-projectPath
C:/Users/Forrest/RhythmGame/src
-logFile
Logs/AssetImportWorker0.log
-srvPort
52052
Successfully changed project path to: C:/Users/Forrest/RhythmGame/src
C:/Users/Forrest/RhythmGame/src
Using Asset Import Pipeline V2.
Refreshing native plugins compatible for Editor in 36.66 ms, found 1 plugins.
Preloading 0 native plugins for Editor in 0.00 ms.
Initialize engine version: 2020.3.5f1 (8095aa901b9b)
[Subsystems] Discovering subsystems at path C:/Program Files/Unity/Hub/Editor/2020.3.5f1/Editor/Data/Resources/UnitySubsystems
[Subsystems] Discovering subsystems at path C:/Users/Forrest/RhythmGame/src/Assets
GfxDevice: creating device client; threaded=0
Direct3D:
    Version:  Direct3D 11.0 [level 11.0]
    Renderer: NVIDIA GeForce GT 710 (ID=0x128b)
    Vendor:   
    VRAM:     2007 MB
    Driver:   27.21.14.5671
Initialize mono
Mono path[0] = 'C:/Program Files/Unity/Hub/Editor/2020.3.5f1/Editor/Data/Managed'
Mono path[1] = 'C:/Program Files/Unity/Hub/Editor/2020.3.5f1/Editor/Data/MonoBleedingEdge/lib/mono/unityjit'
Mono config path = 'C:/Program Files/Unity/Hub/Editor/2020.3.5f1/Editor/Data/MonoBleedingEdge/etc'
Using monoOptions --debugger-agent=transport=dt_socket,embedding=1,server=y,suspend=n,address=127.0.0.1:56652
Begin MonoManager ReloadAssembly
Registering precompiled unity dll's ...
Register platform support module: C:/Program Files/Unity/Hub/Editor/2020.3.5f1/Editor/Data/PlaybackEngines/WindowsStandaloneSupport/UnityEditor.WindowsStandalone.Extensions.dll
Register platform support module: C:/Program Files/Unity/Hub/Editor/2020.3.5f1/Editor/Data/PlaybackEngines/LinuxStandaloneSupport/UnityEditor.LinuxStandalone.Extensions.dll
Registered in 0.002157 seconds.
Native extension for LinuxStandalone target not found
Native extension for WindowsStandalone target not found
Refreshing native plugins compatible for Editor in 37.09 ms, found 1 plugins.
Preloading 0 native plugins for Editor in 0.00 ms.
Mono: successfully reloaded assembly
- Completed reload, in  1.002 seconds
Platform modules already initialized, skipping
Registering precompiled user dll's ...
Registered in 0.000722 seconds.
Begin MonoManager ReloadAssembly
Native extension for LinuxStandalone target not found
Native extension for WindowsStandalone target not found
Refreshing native plugins compatible for Editor in 37.57 ms, found 1 plugins.
Preloading 0 native plugins for Editor in 0.00 ms.
Mono: successfully reloaded assembly
- Completed reload, in  0.862 seconds
Platform modules already initialized, skipping
========================================================================
Worker process is ready to serve import requests
Launched and connected shader compiler UnityShaderCompiler.exe after 0.04 seconds
Refreshing native plugins compatible for Editor in 0.44 ms, found 1 plugins.
Preloading 0 native plugins for Editor in 0.00 ms.
Unloading 1856 Unused Serialized files (Serialized files now loaded: 0)
System memory in use before: 87.9 MB.
System memory in use after: 88.0 MB.

Unloading 19 unused Assets to reduce memory usage. Loaded Objects now: 2304.
Total: 2.163100 ms (FindLiveObjects: 0.217900 ms CreateObjectMapping: 0.051400 ms MarkObjects: 1.816700 ms  DeleteObjects: 0.076000 ms)

========================================================================
Received Import Request.
  path: Assets/Rhythm Game/Graphics/Arrow.png
  artifactKey: Guid(60bfd072918779345aef76bf7e212b42) Importer(815301076,1909f56bfc062723c751e8b465ee728b)
Start importing Assets/Rhythm Game/Graphics/Arrow.png using Guid(60bfd072918779345aef76bf7e212b42) Importer(815301076,1909f56bfc062723c751e8b465ee728b)  -> (artifact id: 'dff90f6f7f253da89cae12eca6cf2ee0') in 0.096812 seconds
  Import took 0.101024 seconds .

========================================================================
Received Import Request.
  Time since last request: 0.000209 seconds.
  path: Assets/Rhythm Game/Graphics/down_gray 1.png
  artifactKey: Guid(0064f2fb5c887ff4cb1990b31038672b) Importer(815301076,1909f56bfc062723c751e8b465ee728b)
Start importing Assets/Rhythm Game/Graphics/down_gray 1.png using Guid(0064f2fb5c887ff4cb1990b31038672b) Importer(815301076,1909f56bfc062723c751e8b465ee728b)  -> (artifact id: 'f104218dc737086f36d2cae897f60352') in 0.025117 seconds
  Import took 0.028265 seconds .

========================================================================
Received Import Request.
  Time since last request: 0.000190 seconds.
  path: Assets/Rhythm Game/Graphics/Arrow.png
  artifactKey: Guid(60bfd072918779345aef76bf7e212b42) Importer(815301076,1909f56bfc062723c751e8b465ee728b)
Start importing Assets/Rhythm Game/Graphics/Arrow.png using Guid(60bfd072918779345aef76bf7e212b42) Importer(815301076,1909f56bfc062723c751e8b465ee728b)  -> (artifact id: 'dff90f6f7f253da89cae12eca6cf2ee0') in 0.007440 seconds
  Import took 0.011676 seconds .

========================================================================
Received Import Request.
  Time since last request: 0.000238 seconds.
  path: Assets/Rhythm Game/Graphics/down_gray 1.png
  artifactKey: Guid(0064f2fb5c887ff4cb1990b31038672b) Importer(815301076,1909f56bfc062723c751e8b465ee728b)
Start importing Assets/Rhythm Game/Graphics/down_gray 1.png using Guid(0064f2fb5c887ff4cb1990b31038672b) Importer(815301076,1909f56bfc062723c751e8b465ee728b)  -> (artifact id: 'f104218dc737086f36d2cae897f60352') in 0.009112 seconds
  Import took 0.012753 seconds .

========================================================================
Received Import Request.
  Time since last request: 0.000189 seconds.
  path: Assets/Rhythm Game/Graphics/download.png
  artifactKey: Guid(b46e519d09be319478779c97738d9b69) Importer(815301076,1909f56bfc062723c751e8b465ee728b)
Start importing Assets/Rhythm Game/Graphics/download.png using Guid(b46e519d09be319478779c97738d9b69) Importer(815301076,1909f56bfc062723c751e8b465ee728b)  -> (artifact id: 'a4279fa859d7ca2db9a807bb3b983a18') in 0.022652 seconds
  Import took 0.026283 seconds .

========================================================================
Received Import Request.
  Time since last request: 0.000199 seconds.
  path: Assets/Rhythm Game/Graphics/down_color.png
  artifactKey: Guid(3a2b7fca4b752214d9f15a895e7e1fba) Importer(815301076,1909f56bfc062723c751e8b465ee728b)
Start importing Assets/Rhythm Game/Graphics/down_color.png using Guid(3a2b7fca4b752214d9f15a895e7e1fba) Importer(815301076,1909f56bfc062723c751e8b465ee728b)  -> (artifact id: '10cdcdfd571b87610a5e2bef8a3f4da7') in 0.020245 seconds
  Import took 0.023786 seconds .

========================================================================
Received Import Request.
  Time since last request: 0.000193 seconds.
  path: Assets/Rhythm Game/Graphics/down_gray.png
  artifactKey: Guid(b70397a4f71a9664c82928681525df51) Importer(815301076,1909f56bfc062723c751e8b465ee728b)
Start importing Assets/Rhythm Game/Graphics/down_gray.png using Guid(b70397a4f71a9664c82928681525df51) Importer(815301076,1909f56bfc062723c751e8b465ee728b)  -> (artifact id: '5af6ad8783f0c64d847801a156c8b79b') in 0.021559 seconds
  Import took 0.025022 seconds .

========================================================================
Received Import Request.
  Time since last request: 0.000194 seconds.
  path: Assets/Rhythm Game/Graphics/down_color 1.png
  artifactKey: Guid(f288d037ad4520f479852dd1d67d0348) Importer(815301076,1909f56bfc062723c751e8b465ee728b)
Start importing Assets/Rhythm Game/Graphics/down_color 1.png using Guid(f288d037ad4520f479852dd1d67d0348) Importer(815301076,1909f56bfc062723c751e8b465ee728b)  -> (artifact id: '002c8719a4705785a535cac3bb34cba1') in 0.018571 seconds
  Import took 0.022178 seconds .

========================================================================
Received Import Request.
  Time since last request: 0.354602 seconds.
  path: Assets/Rhythm Game/Graphics/effects.png
  artifactKey: Guid(9d063b79be80b2b4886e4c74b45f8a29) Importer(815301076,1909f56bfc062723c751e8b465ee728b)
Start importing Assets/Rhythm Game/Graphics/effects.png using Guid(9d063b79be80b2b4886e4c74b45f8a29) Importer(815301076,1909f56bfc062723c751e8b465ee728b)  -> (artifact id: 'fac5229603dd1301926b844581d95a0b') in 0.026440 seconds
  Import took 0.030054 seconds .

========================================================================
Received Import Request.
  Time since last request: 0.000228 seconds.
  path: Assets/Rhythm Game/Graphics/left_color 1.png
  artifactKey: Guid(f1759925fc2687d4cba2d40daa5b7779) Importer(815301076,1909f56bfc062723c751e8b465ee728b)
Start importing Assets/Rhythm Game/Graphics/left_color 1.png using Guid(f1759925fc2687d4cba2d40daa5b7779) Importer(815301076,1909f56bfc062723c751e8b465ee728b)  -> (artifact id: '0d47b809f9be0a375f3ae3602543af6d') in 0.016900 seconds
  Import took 0.020637 seconds .

========================================================================
Received Import Request.
  Time since last request: 0.000243 seconds.
  path: Assets/Rhythm Game/Graphics/left_color.png
  artifactKey: Guid(0dcd3cbbc8430d840a25ed3cca8271a7) Importer(815301076,1909f56bfc062723c751e8b465ee728b)
Start importing Assets/Rhythm Game/Graphics/left_color.png using Guid(0dcd3cbbc8430d840a25ed3cca8271a7) Importer(815301076,1909f56bfc062723c751e8b465ee728b)  -> (artifact id: '8f5c2b5fd7b667a915c95bae6966bf03') in 0.022156 seconds
  Import took 0.025739 seconds .

========================================================================
Received Import Request.
  Time since last request: 0.000220 seconds.
  path: Assets/Rhythm Game/Graphics/effects.png
  artifactKey: Guid(9d063b79be80b2b4886e4c74b45f8a29) Importer(815301076,1909f56bfc062723c751e8b465ee728b)
Start importing Assets/Rhythm Game/Graphics/effects.png using Guid(9d063b79be80b2b4886e4c74b45f8a29) Importer(815301076,1909f56bfc062723c751e8b465ee728b)  -> (artifact id: 'fac5229603dd1301926b844581d95a0b') in 0.011724 seconds
  Import took 0.014596 seconds .

========================================================================
Received Import Request.
  Time since last request: 0.000171 seconds.
  path: Assets/Rhythm Game/Graphics/left_gray.png
  artifactKey: Guid(aeb6b19236388f04ea3736aefbe68829) Importer(815301076,1909f56bfc062723c751e8b465ee728b)
Start importing Assets/Rhythm Game/Graphics/left_gray.png using Guid(aeb6b19236388f04ea3736aefbe68829) Importer(815301076,1909f56bfc062723c751e8b465ee728b)  -> (artifact id: '9e07f39520e596832ee8da9ce07b77d9') in 0.020854 seconds
  Import took 0.024518 seconds .

========================================================================
Received Import Request.
  Time since last request: 0.000239 seconds.
  path: Assets/Rhythm Game/Graphics/left_color.png
  artifactKey: Guid(0dcd3cbbc8430d840a25ed3cca8271a7) Importer(815301076,1909f56bfc062723c751e8b465ee728b)
Start importing Assets/Rhythm Game/Graphics/left_color.png using Guid(0dcd3cbbc8430d840a25ed3cca8271a7) Importer(815301076,1909f56bfc062723c751e8b465ee728b)  -> (artifact id: '8f5c2b5fd7b667a915c95bae6966bf03') in 0.010963 seconds
  Import took 0.014172 seconds .

========================================================================
Received Import Request.
  Time since last request: 0.000185 seconds.
  path: Assets/Rhythm Game/Graphics/left_gray.png
  artifactKey: Guid(aeb6b19236388f04ea3736aefbe68829) Importer(815301076,1909f56bfc062723c751e8b465ee728b)
Start importing Assets/Rhythm Game/Graphics/left_gray.png using Guid(aeb6b19236388f04ea3736aefbe68829) Importer(815301076,1909f56bfc062723c751e8b465ee728b)  -> (artifact id: '9e07f39520e596832ee8da9ce07b77d9') in 0.011776 seconds
  Import took 0.014707 seconds .

========================================================================
Received Import Request.
  Time since last request: 0.000153 seconds.
  path: Assets/Rhythm Game/Graphics/left_gray 1.png
  artifactKey: Guid(a37f5f501b2b6de4a8abf23f306d76f6) Importer(815301076,1909f56bfc062723c751e8b465ee728b)
Start importing Assets/Rhythm Game/Graphics/left_gray 1.png using Guid(a37f5f501b2b6de4a8abf23f306d76f6) Importer(815301076,1909f56bfc062723c751e8b465ee728b)  -> (artifact id: '6219a3ae286fa35fea5352bed555dff0') in 0.018542 seconds
  Import took 0.021819 seconds .

========================================================================
Received Import Request.
  Time since last request: 0.002806 seconds.
  path: Assets/Rhythm Game/Graphics/left_gray 1.png
  artifactKey: Guid(a37f5f501b2b6de4a8abf23f306d76f6) Importer(815301076,1909f56bfc062723c751e8b465ee728b)
Start importing Assets/Rhythm Game/Graphics/left_gray 1.png using Guid(a37f5f501b2b6de4a8abf23f306d76f6) Importer(815301076,1909f56bfc062723c751e8b465ee728b)  -> (artifact id: '6219a3ae286fa35fea5352bed555dff0') in 0.007666 seconds
  Import took 0.010889 seconds .

========================================================================
Received Import Request.
  Time since last request: 0.018520 seconds.
  path: Assets/Rhythm Game/Graphics/right_color.png
  artifactKey: Guid(e17b8702ec591f141930eefc5a9ca8bc) Importer(815301076,1909f56bfc062723c751e8b465ee728b)
Start importing Assets/Rhythm Game/Graphics/right_color.png using Guid(e17b8702ec591f141930eefc5a9ca8bc) Importer(815301076,1909f56bfc062723c751e8b465ee728b)  -> (artifact id: 'f2067df98a0b8f98324ce5a61b8591da') in 0.022696 seconds
  Import took 0.026595 seconds .

========================================================================
Received Import Request.
  Time since last request: 0.000190 seconds.
  path: Assets/Rhythm Game/Graphics/right_color 1.png
  artifactKey: Guid(3b4d62eabe344e54fbbfe2c15f151aca) Importer(815301076,1909f56bfc062723c751e8b465ee728b)
Start importing Assets/Rhythm Game/Graphics/right_color 1.png using Guid(3b4d62eabe344e54fbbfe2c15f151aca) Importer(815301076,1909f56bfc062723c751e8b465ee728b)  -> (artifact id: '880da9ce6609d81d8a588635ffe1e1a0') in 0.018183 seconds
  Import took 0.021023 seconds .

========================================================================
Received Import Request.
  Time since last request: 0.000251 seconds.
  path: Assets/Rhythm Game/Graphics/right_color.png
  artifactKey: Guid(e17b8702ec591f141930eefc5a9ca8bc) Importer(815301076,1909f56bfc062723c751e8b465ee728b)
Start importing Assets/Rhythm Game/Graphics/right_color.png using Guid(e17b8702ec591f141930eefc5a9ca8bc) Importer(815301076,1909f56bfc062723c751e8b465ee728b)  -> (artifact id: 'f2067df98a0b8f98324ce5a61b8591da') in 0.011029 seconds
  Import took 0.014471 seconds .

========================================================================
Received Import Request.
  Time since last request: 0.000200 seconds.
  path: Assets/Rhythm Game/Graphics/right_color 1.png
  artifactKey: Guid(3b4d62eabe344e54fbbfe2c15f151aca) Importer(815301076,1909f56bfc062723c751e8b465ee728b)
Start importing Assets/Rhythm Game/Graphics/right_color 1.png using Guid(3b4d62eabe344e54fbbfe2c15f151aca) Importer(815301076,1909f56bfc062723c751e8b465ee728b)  -> (artifact id: '880da9ce6609d81d8a588635ffe1e1a0') in 0.007540 seconds
  Import took 0.010689 seconds .

========================================================================
Received Import Request.
  Time since last request: 0.000196 seconds.
  path: Assets/Rhythm Game/Graphics/right_gray 1.png
  artifactKey: Guid(d96ed4ba1d959cd4fbab4660d79d94f9) Importer(815301076,1909f56bfc062723c751e8b465ee728b)
Start importing Assets/Rhythm Game/Graphics/right_gray 1.png using Guid(d96ed4ba1d959cd4fbab4660d79d94f9) Importer(815301076,1909f56bfc062723c751e8b465ee728b)  -> (artifact id: '38925f301c2ac2537567e7d83b7daab8') in 0.017503 seconds
  Import took 0.021341 seconds .

========================================================================
Received Import Request.
  Time since last request: 0.000270 seconds.
  path: Assets/Rhythm Game/Graphics/right_gray.png
  artifactKey: Guid(36c77dcdefb7a8643aa936b86d36d0d2) Importer(815301076,1909f56bfc062723c751e8b465ee728b)
Start importing Assets/Rhythm Game/Graphics/right_gray.png using Guid(36c77dcdefb7a8643aa936b86d36d0d2) Importer(815301076,1909f56bfc062723c751e8b465ee728b)  -> (artifact id: '9659af2d7210910c25108e8da35e248e') in 0.021021 seconds
  Import took 0.024518 seconds .

========================================================================
Received Import Request.
  Time since last request: 0.003386 seconds.
  path: Assets/Rhythm Game/Graphics/right_gray.png
  artifactKey: Guid(36c77dcdefb7a8643aa936b86d36d0d2) Importer(815301076,1909f56bfc062723c751e8b465ee728b)
Start importing Assets/Rhythm Game/Graphics/right_gray.png using Guid(36c77dcdefb7a8643aa936b86d36d0d2) Importer(815301076,1909f56bfc062723c751e8b465ee728b)  -> (artifact id: '9659af2d7210910c25108e8da35e248e') in 0.010776 seconds
  Import took 0.014016 seconds .

========================================================================
Received Import Request.
  Time since last request: 3.470525 seconds.
  path: Assets/Rhythm Game/Graphics/up_color.png
  artifactKey: Guid(ebf18635ee11dce42a7e1608b4e957e3) Importer(815301076,1909f56bfc062723c751e8b465ee728b)
Start importing Assets/Rhythm Game/Graphics/up_color.png using Guid(ebf18635ee11dce42a7e1608b4e957e3) Importer(815301076,1909f56bfc062723c751e8b465ee728b)  -> (artifact id: '492e9d95ee95fdfc1b66e84a1d944bff') in 0.022128 seconds
  Import took 0.025812 seconds .

========================================================================
Received Import Request.
  Time since last request: 0.000202 seconds.
  path: Assets/Rhythm Game/Graphics/up_color 1.png
  artifactKey: Guid(badadf1f6a25d00429a62a944e41b0fa) Importer(815301076,1909f56bfc062723c751e8b465ee728b)
Start importing Assets/Rhythm Game/Graphics/up_color 1.png using Guid(badadf1f6a25d00429a62a944e41b0fa) Importer(815301076,1909f56bfc062723c751e8b465ee728b)  -> (artifact id: '0f0da52dc0cbb0125e195a2c7f93899b') in 0.017544 seconds
  Import took 0.020727 seconds .

========================================================================
Received Import Request.
  Time since last request: 0.000189 seconds.
  path: Assets/Rhythm Game/Graphics/UP_gray 1.png
  artifactKey: Guid(7081b69a6b886e249859fb163993d516) Importer(815301076,1909f56bfc062723c751e8b465ee728b)
Start importing Assets/Rhythm Game/Graphics/UP_gray 1.png using Guid(7081b69a6b886e249859fb163993d516) Importer(815301076,1909f56bfc062723c751e8b465ee728b)  -> (artifact id: 'ea3248107f2a66c4b51650585b6933dd') in 0.018298 seconds
  Import took 0.021414 seconds .

========================================================================
Received Import Request.
  Time since last request: 0.000168 seconds.
  path: Assets/Rhythm Game/Graphics/up_color 1.png
  artifactKey: Guid(badadf1f6a25d00429a62a944e41b0fa) Importer(815301076,1909f56bfc062723c751e8b465ee728b)
Start importing Assets/Rhythm Game/Graphics/up_color 1.png using Guid(badadf1f6a25d00429a62a944e41b0fa) Importer(815301076,1909f56bfc062723c751e8b465ee728b)  -> (artifact id: '0f0da52dc0cbb0125e195a2c7f93899b') in 0.008350 seconds
  Import took 0.011534 seconds .

========================================================================
Received Import Request.
  Time since last request: 0.000187 seconds.
  path: Assets/Rhythm Game/Graphics/up_color.png
  artifactKey: Guid(ebf18635ee11dce42a7e1608b4e957e3) Importer(815301076,1909f56bfc062723c751e8b465ee728b)
Start importing Assets/Rhythm Game/Graphics/up_color.png using Guid(ebf18635ee11dce42a7e1608b4e957e3) Importer(815301076,1909f56bfc062723c751e8b465ee728b)  -> (artifact id: '492e9d95ee95fdfc1b66e84a1d944bff') in 0.011285 seconds
  Import took 0.014101 seconds .

========================================================================
Received Import Request.
  Time since last request: 0.000208 seconds.
  path: Assets/Rhythm Game/Graphics/UP_gray.png
  artifactKey: Guid(b397584a7c93c2044b7fa26a7f5076ca) Importer(815301076,1909f56bfc062723c751e8b465ee728b)
Start importing Assets/Rhythm Game/Graphics/UP_gray.png using Guid(b397584a7c93c2044b7fa26a7f5076ca) Importer(815301076,1909f56bfc062723c751e8b465ee728b)  -> (artifact id: '8f13fa4e45cbaf6f0b5d2ccdd4d382f2') in 0.020414 seconds
  Import took 0.023681 seconds .

========================================================================
Received Import Request.
  Time since last request: 0.001180 seconds.
  path: Assets/Rhythm Game/Graphics/UP_gray.png
  artifactKey: Guid(b397584a7c93c2044b7fa26a7f5076ca) Importer(815301076,1909f56bfc062723c751e8b465ee728b)
Start importing Assets/Rhythm Game/Graphics/UP_gray.png using Guid(b397584a7c93c2044b7fa26a7f5076ca) Importer(815301076,1909f56bfc062723c751e8b465ee728b)  -> (artifact id: '8f13fa4e45cbaf6f0b5d2ccdd4d382f2') in 0.013078 seconds
  Import took 0.016419 seconds .

========================================================================
Received Import Request.
  Time since last request: 33.079313 seconds.
  path: Assets/Rhythm Game/Graphics/1ccdaaab931962febc8644df28084afb.jpg
  artifactKey: Guid(54ce3a9d12df1584abffbaf54bbed2d9) Importer(815301076,1909f56bfc062723c751e8b465ee728b)
Start importing Assets/Rhythm Game/Graphics/1ccdaaab931962febc8644df28084afb.jpg using Guid(54ce3a9d12df1584abffbaf54bbed2d9) Importer(815301076,1909f56bfc062723c751e8b465ee728b)  -> (artifact id: 'b16c4228440c807b7f16f9068da944b7') in 0.015023 seconds
  Import took 0.018593 seconds .

========================================================================
Received Import Request.
  Time since last request: 0.002670 seconds.
  path: Assets/Rhythm Game/Graphics/1ccdaaab931962febc8644df28084afb.jpg
  artifactKey: Guid(54ce3a9d12df1584abffbaf54bbed2d9) Importer(815301076,1909f56bfc062723c751e8b465ee728b)
Start importing Assets/Rhythm Game/Graphics/1ccdaaab931962febc8644df28084afb.jpg using Guid(54ce3a9d12df1584abffbaf54bbed2d9) Importer(815301076,1909f56bfc062723c751e8b465ee728b)  -> (artifact id: 'b16c4228440c807b7f16f9068da944b7') in 0.008134 seconds
  Import took 0.011145 seconds .

========================================================================
Received Import Request.
  Time since last request: 217.391907 seconds.
  path: Assets/TextMesh Pro/Resources/Fonts & Materials/LiberationSans SDF - Drop Shadow.mat
  artifactKey: Guid(e73a58f6e2794ae7b1b7e50b7fb811b0) Importer(815301076,1909f56bfc062723c751e8b465ee728b)
Start importing Assets/TextMesh Pro/Resources/Fonts & Materials/LiberationSans SDF - Drop Shadow.mat using Guid(e73a58f6e2794ae7b1b7e50b7fb811b0) Importer(815301076,1909f56bfc062723c751e8b465ee728b)  -> (artifact id: '16f09b99bfbee2e56f7e09357c7bf2ac') in 0.104427 seconds
  Import took 0.108248 seconds .

========================================================================
Received Import Request.
  Time since last request: 0.000193 seconds.
  path: Assets/TextMesh Pro/Resources/Fonts & Materials/LiberationSans SDF - Outline.mat
  artifactKey: Guid(79459efec17a4d00a321bdcc27bbc385) Importer(815301076,1909f56bfc062723c751e8b465ee728b)
Start importing Assets/TextMesh Pro/Resources/Fonts & Materials/LiberationSans SDF - Outline.mat using Guid(79459efec17a4d00a321bdcc27bbc385) Importer(815301076,1909f56bfc062723c751e8b465ee728b)  -> (artifact id: 'dd060cc3a07994c6e9efd14eb9f15be0') in 0.067561 seconds
  Import took 0.070659 seconds .

========================================================================
Received Import Request.
  Time since last request: 0.000166 seconds.
  path: Assets/TextMesh Pro/Resources/Fonts & Materials/LiberationSans SDF - Fallback.asset
  artifactKey: Guid(2e498d1c8094910479dc3e1b768306a4) Importer(815301076,1909f56bfc062723c751e8b465ee728b)
Start importing Assets/TextMesh Pro/Resources/Fonts & Materials/LiberationSans SDF - Fallback.asset using Guid(2e498d1c8094910479dc3e1b768306a4) Importer(815301076,1909f56bfc062723c751e8b465ee728b)  -> (artifact id: '8829b1df7867162d406da565eda30e52') in 0.036747 seconds
  Import took 0.039840 seconds .

========================================================================
Received Import Request.
  Time since last request: 0.000199 seconds.
  path: Assets/TextMesh Pro/Resources/Fonts & Materials/LiberationSans SDF - Drop Shadow.mat
  artifactKey: Guid(e73a58f6e2794ae7b1b7e50b7fb811b0) Importer(815301076,1909f56bfc062723c751e8b465ee728b)
Start importing Assets/TextMesh Pro/Resources/Fonts & Materials/LiberationSans SDF - Drop Shadow.mat using Guid(e73a58f6e2794ae7b1b7e50b7fb811b0) Importer(815301076,1909f56bfc062723c751e8b465ee728b)  -> (artifact id: '16f09b99bfbee2e56f7e09357c7bf2ac') in 0.024867 seconds
  Import took 0.028116 seconds .

========================================================================
Received Import Request.
  Time since last request: 0.000205 seconds.
  path: Assets/TextMesh Pro/Resources/Fonts & Materials/LiberationSans SDF - Fallback.asset
  artifactKey: Guid(2e498d1c8094910479dc3e1b768306a4) Importer(815301076,1909f56bfc062723c751e8b465ee728b)
Start importing Assets/TextMesh Pro/Resources/Fonts & Materials/LiberationSans SDF - Fallback.asset using Guid(2e498d1c8094910479dc3e1b768306a4) Importer(815301076,1909f56bfc062723c751e8b465ee728b)  -> (artifact id: '8829b1df7867162d406da565eda30e52') in 0.008737 seconds
  Import took 0.011787 seconds .

========================================================================
Received Import Request.
  Time since last request: 0.000185 seconds.
  path: Assets/TextMesh Pro/Resources/Fonts & Materials/LiberationSans SDF.asset
  artifactKey: Guid(8f586378b4e144a9851e7b34d9b748ee) Importer(815301076,1909f56bfc062723c751e8b465ee728b)
Start importing Assets/TextMesh Pro/Resources/Fonts & Materials/LiberationSans SDF.asset using Guid(8f586378b4e144a9851e7b34d9b748ee) Importer(815301076,1909f56bfc062723c751e8b465ee728b)  -> (artifact id: '6f7a20cdea69e5e9c94de3a6422d2479') in 0.036533 seconds
  Import took 0.039887 seconds .

========================================================================
Received Import Request.
  Time since last request: 0.003222 seconds.
  path: Assets/TextMesh Pro/Resources/Fonts & Materials/LiberationSans SDF.asset
  artifactKey: Guid(8f586378b4e144a9851e7b34d9b748ee) Importer(815301076,1909f56bfc062723c751e8b465ee728b)
Start importing Assets/TextMesh Pro/Resources/Fonts & Materials/LiberationSans SDF.asset using Guid(8f586378b4e144a9851e7b34d9b748ee) Importer(815301076,1909f56bfc062723c751e8b465ee728b)  -> (artifact id: '6f7a20cdea69e5e9c94de3a6422d2479') in 0.032454 seconds
  Import took 0.035769 seconds .

========================================================================
Received Import Request.
  Time since last request: 69869.175486 seconds.
  path: Assets/uwu.unity
  artifactKey: Guid(04520799d2161e74c88134b934bd8b0f) Importer(815301076,1909f56bfc062723c751e8b465ee728b)
Start importing Assets/uwu.unity using Guid(04520799d2161e74c88134b934bd8b0f) Importer(815301076,1909f56bfc062723c751e8b465ee728b)  -> (artifact id: 'b76290d8bef5f4528c439d6b3bd2a503') in 0.009600 seconds
  Import took 0.018806 seconds .

========================================================================
Received Import Request.
  Time since last request: 1.488504 seconds.
  path: Assets/RHYTHM GAME DEV.unity
  artifactKey: Guid(6cf8c5ea7e816c14781332c305196d16) Importer(815301076,1909f56bfc062723c751e8b465ee728b)
Start importing Assets/RHYTHM GAME DEV.unity using Guid(6cf8c5ea7e816c14781332c305196d16) Importer(815301076,1909f56bfc062723c751e8b465ee728b)  -> (artifact id: '3f5973bc4f79674265ff8709bdec98a6') in 0.007221 seconds
  Import took 0.010802 seconds .

========================================================================
Received Import Request.
  Time since last request: 5.774091 seconds.
  path: Assets/Scenes
  artifactKey: Guid(c85cebd06ceec494187244a44a909305) Importer(815301076,1909f56bfc062723c751e8b465ee728b)
Start importing Assets/Scenes using Guid(c85cebd06ceec494187244a44a909305) Importer(815301076,1909f56bfc062723c751e8b465ee728b)  -> (artifact id: 'a880a5ecbe550de8ad591af263c7accb') in 0.006627 seconds
  Import took 0.010382 seconds .

========================================================================
Received Import Request.
  Time since last request: 0.974608 seconds.
  path: Assets/Scenes/SampleScene.unity
  artifactKey: Guid(2cda990e2423bbf4892e6590ba056729) Importer(815301076,1909f56bfc062723c751e8b465ee728b)
Start importing Assets/Scenes/SampleScene.unity using Guid(2cda990e2423bbf4892e6590ba056729) Importer(815301076,1909f56bfc062723c751e8b465ee728b)  -> (artifact id: '5db6c5a27ce610e8eb13047cc6caff06') in 0.006862 seconds
  Import took 0.013009 seconds .

========================================================================
Received Import Request.
  Time since last request: 0.755270 seconds.
  path: Assets/Scenes/main.unity
  artifactKey: Guid(306e04cd9b908a54e99aa44775138dd9) Importer(815301076,1909f56bfc062723c751e8b465ee728b)
Start importing Assets/Scenes/main.unity using Guid(306e04cd9b908a54e99aa44775138dd9) Importer(815301076,1909f56bfc062723c751e8b465ee728b)  -> (artifact id: '53190a0b1e420ebe2a5f4bc038e0a7b8') in 0.006627 seconds
  Import took 0.012646 seconds .

========================================================================
Received Import Request.
  Time since last request: 1.464388 seconds.
  path: Assets/Scenes/Scenes
  artifactKey: Guid(06556e593c9ff164f84ecb71383d696d) Importer(815301076,1909f56bfc062723c751e8b465ee728b)
Start importing Assets/Scenes/Scenes using Guid(06556e593c9ff164f84ecb71383d696d) Importer(815301076,1909f56bfc062723c751e8b465ee728b)  -> (artifact id: 'eb6f16b8b5676308bed1be87d4f12be9') in 0.002099 seconds
  Import took 0.006908 seconds .

========================================================================
Received Import Request.
  Time since last request: 1.488290 seconds.
  path: Assets/Scenes/Scenes/Start menu.unity
  artifactKey: Guid(47ddd3df0cd26bc4b88ea4bddf993e58) Importer(815301076,1909f56bfc062723c751e8b465ee728b)
Start importing Assets/Scenes/Scenes/Start menu.unity using Guid(47ddd3df0cd26bc4b88ea4bddf993e58) Importer(815301076,1909f56bfc062723c751e8b465ee728b)  -> (artifact id: 'b73f7f3b7da7ab57c41907ff2913f6df') in 0.007050 seconds
  Import took 0.010434 seconds .

========================================================================
Received Import Request.
  Time since last request: 0.773986 seconds.
  path: Assets/Scenes/Scenes/Game.unity
  artifactKey: Guid(a7efac3f0da73e7439004acd29203987) Importer(815301076,1909f56bfc062723c751e8b465ee728b)
Start importing Assets/Scenes/Scenes/Game.unity using Guid(a7efac3f0da73e7439004acd29203987) Importer(815301076,1909f56bfc062723c751e8b465ee728b)  -> (artifact id: 'f925ff64e1bc217c29b9e62bbeb86831') in 0.007048 seconds
  Import took 0.010786 seconds .

========================================================================
Received Prepare
Registering precompiled user dll's ...
Registered in 0.000932 seconds.
Begin MonoManager ReloadAssembly
Native extension for LinuxStandalone target not found
Native extension for WindowsStandalone target not found
Refreshing native plugins compatible for Editor in 0.47 ms, found 1 plugins.
Preloading 0 native plugins for Editor in 0.00 ms.
Mono: successfully reloaded assembly
- Completed reload, in  0.799 seconds
Platform modules already initialized, skipping
Refreshing native plugins compatible for Editor in 0.44 ms, found 1 plugins.
Preloading 0 native plugins for Editor in 0.00 ms.
Unloading 1833 Unused Serialized files (Serialized files now loaded: 0)
System memory in use before: 89.7 MB.
System memory in use after: 89.8 MB.

Unloading 7 unused Assets to reduce memory usage. Loaded Objects now: 2368.
Total: 2.018300 ms (FindLiveObjects: 0.239100 ms CreateObjectMapping: 0.050600 ms MarkObjects: 1.712500 ms  DeleteObjects: 0.015100 ms)

========================================================================
Received Import Request.
  Time since last request: 908.498842 seconds.
  path: Assets/Scenes/Start menu.unity
  artifactKey: Guid(47ddd3df0cd26bc4b88ea4bddf993e58) Importer(815301076,1909f56bfc062723c751e8b465ee728b)
Start importing Assets/Scenes/Start menu.unity using Guid(47ddd3df0cd26bc4b88ea4bddf993e58) Importer(815301076,1909f56bfc062723c751e8b465ee728b)  -> (artifact id: '1ae29487366e416e21635b9c5feff7d2') in 0.016816 seconds
  Import took 0.022400 seconds .

========================================================================
Received Import Request.
  Time since last request: 41.528183 seconds.
  path: Assets/Scenes/Start menu.unity
  artifactKey: Guid(47ddd3df0cd26bc4b88ea4bddf993e58) Importer(815301076,1909f56bfc062723c751e8b465ee728b)
Start importing Assets/Scenes/Start menu.unity using Guid(47ddd3df0cd26bc4b88ea4bddf993e58) Importer(815301076,1909f56bfc062723c751e8b465ee728b)  -> (artifact id: '1adbd838cfeb42348d0cc4911e02a3aa') in 0.002188 seconds
  Import took 0.005547 seconds .

========================================================================
Received Import Request.
  Time since last request: 156.003484 seconds.
  path: Assets/Rhythm Game/Music/GamesPlusJames - Rhythm Tutorial (extended).wav
  artifactKey: Guid(57ae641b652a9d44e8ab28ae2d67392b) Importer(815301076,1909f56bfc062723c751e8b465ee728b)
Start importing Assets/Rhythm Game/Music/GamesPlusJames - Rhythm Tutorial (extended).wav using Guid(57ae641b652a9d44e8ab28ae2d67392b) Importer(815301076,1909f56bfc062723c751e8b465ee728b)  -> (artifact id: 'c3ada4c7a281f223dd783afa4aeb87be') in 0.055468 seconds
  Import took 0.059429 seconds .

========================================================================
Received Import Request.
  Time since last request: 0.000241 seconds.
  path: Assets/Rhythm Game/Music/GamesPlusJames - Rhythm Tutorial.wav
  artifactKey: Guid(e3903f052f6e1c84385cd598b244e788) Importer(815301076,1909f56bfc062723c751e8b465ee728b)
Start importing Assets/Rhythm Game/Music/GamesPlusJames - Rhythm Tutorial.wav using Guid(e3903f052f6e1c84385cd598b244e788) Importer(815301076,1909f56bfc062723c751e8b465ee728b)  -> (artifact id: '3a4b30cdd90c189f72629876e5a4be4b') in 0.024786 seconds
  Import took 0.028101 seconds .

========================================================================
Received Import Request.
  Time since last request: 395.397770 seconds.
  path: ProjectSettings/TagManager.asset
  artifactKey: Guid(00000000000000003000000000000000) Importer(815301076,1909f56bfc062723c751e8b465ee728b)
Start importing ProjectSettings/TagManager.asset using Guid(00000000000000003000000000000000) Importer(815301076,1909f56bfc062723c751e8b465ee728b)  -> (artifact id: '3e80b523c28d4caaac03b04ae9569624') in 0.006822 seconds
  Import took 0.010367 seconds .

========================================================================
Received Prepare
Registering precompiled user dll's ...
Registered in 0.001025 seconds.
Begin MonoManager ReloadAssembly
Native extension for LinuxStandalone target not found
Native extension for WindowsStandalone target not found
Refreshing native plugins compatible for Editor in 0.47 ms, found 1 plugins.
Preloading 0 native plugins for Editor in 0.00 ms.
Mono: successfully reloaded assembly
- Completed reload, in  0.834 seconds
Platform modules already initialized, skipping
Refreshing native plugins compatible for Editor in 0.44 ms, found 1 plugins.
Preloading 0 native plugins for Editor in 0.00 ms.
Unloading 1833 Unused Serialized files (Serialized files now loaded: 0)
System memory in use before: 89.8 MB.
System memory in use after: 89.9 MB.

Unloading 8 unused Assets to reduce memory usage. Loaded Objects now: 2375.
Total: 2.412100 ms (FindLiveObjects: 0.259200 ms CreateObjectMapping: 0.051300 ms MarkObjects: 2.077900 ms  DeleteObjects: 0.022500 ms)

========================================================================
Received Import Request.
  Time since last request: 3771.350866 seconds.
  path: Assets/Scenes/RHYTHM GAME DEV.unity
  artifactKey: Guid(6cf8c5ea7e816c14781332c305196d16) Importer(815301076,1909f56bfc062723c751e8b465ee728b)
Start importing Assets/Scenes/RHYTHM GAME DEV.unity using Guid(6cf8c5ea7e816c14781332c305196d16) Importer(815301076,1909f56bfc062723c751e8b465ee728b)  -> (artifact id: 'c48151c66041662739f3703a348e1736') in 0.018687 seconds
  Import took 0.022561 seconds .

